Warning[205] C:\USERS\HP PROBOOK A9\ONEDRIVE\DESKTOP\PROJECT4\MAIN.ASM 3 : Found directive in column 1. (PROCESSOR)
Warning[205] C:\USERS\HP PROBOOK A9\ONEDRIVE\DESKTOP\PROJECT4\MAIN.ASM 4 : Found directive in column 1. (INCLUDE)
Warning[205] C:\USERS\HP PROBOOK A9\ONEDRIVE\DESKTOP\PROJECT4\MAIN.ASM 6 : Found directive in column 1. (__CONFIG)
Warning[205] C:\USERS\HP PROBOOK A9\ONEDRIVE\DESKTOP\PROJECT4\MAIN.ASM 74 : Found directive in column 1. (ORG)
Warning[203] C:\USERS\HP PROBOOK A9\ONEDRIVE\DESKTOP\PROJECT4\MAIN.ASM 75 : Found opcode in column 1. (GOTO)
Warning[205] C:\USERS\HP PROBOOK A9\ONEDRIVE\DESKTOP\PROJECT4\MAIN.ASM 77 : Found directive in column 1. (ORG)
Warning[203] C:\USERS\HP PROBOOK A9\ONEDRIVE\DESKTOP\PROJECT4\MAIN.ASM 78 : Found opcode in column 1. (GOTO)
Warning[205] C:\USERS\HP PROBOOK A9\ONEDRIVE\DESKTOP\PROJECT4\MAIN.ASM 82 : Found directive in column 1. (BANKSEL)
Warning[203] C:\USERS\HP PROBOOK A9\ONEDRIVE\DESKTOP\PROJECT4\MAIN.ASM 83 : Found opcode in column 1. (CLRF)
Message[302] C:\USERS\HP PROBOOK A9\ONEDRIVE\DESKTOP\PROJECT4\MAIN.ASM 83 : Register in operand not in bank 0.  Ensure that bank bits are correct.
Warning[205] C:\USERS\HP PROBOOK A9\ONEDRIVE\DESKTOP\PROJECT4\MAIN.ASM 85 : Found directive in column 1. (BANKSEL)
Warning[203] C:\USERS\HP PROBOOK A9\ONEDRIVE\DESKTOP\PROJECT4\MAIN.ASM 86 : Found opcode in column 1. (BSF)
Message[302] C:\USERS\HP PROBOOK A9\ONEDRIVE\DESKTOP\PROJECT4\MAIN.ASM 86 : Register in operand not in bank 0.  Ensure that bank bits are correct.
Warning[203] C:\USERS\HP PROBOOK A9\ONEDRIVE\DESKTOP\PROJECT4\MAIN.ASM 87 : Found opcode in column 1. (BSF)
Message[302] C:\USERS\HP PROBOOK A9\ONEDRIVE\DESKTOP\PROJECT4\MAIN.ASM 87 : Register in operand not in bank 0.  Ensure that bank bits are correct.
Warning[203] C:\USERS\HP PROBOOK A9\ONEDRIVE\DESKTOP\PROJECT4\MAIN.ASM 88 : Found opcode in column 1. (BSF)
Message[302] C:\USERS\HP PROBOOK A9\ONEDRIVE\DESKTOP\PROJECT4\MAIN.ASM 88 : Register in operand not in bank 0.  Ensure that bank bits are correct.
Warning[205] C:\USERS\HP PROBOOK A9\ONEDRIVE\DESKTOP\PROJECT4\MAIN.ASM 90 : Found directive in column 1. (BANKSEL)
Warning[203] C:\USERS\HP PROBOOK A9\ONEDRIVE\DESKTOP\PROJECT4\MAIN.ASM 91 : Found opcode in column 1. (BCF)
Message[302] C:\USERS\HP PROBOOK A9\ONEDRIVE\DESKTOP\PROJECT4\MAIN.ASM 91 : Register in operand not in bank 0.  Ensure that bank bits are correct.
Warning[203] C:\USERS\HP PROBOOK A9\ONEDRIVE\DESKTOP\PROJECT4\MAIN.ASM 92 : Found opcode in column 1. (BCF)
Message[302] C:\USERS\HP PROBOOK A9\ONEDRIVE\DESKTOP\PROJECT4\MAIN.ASM 92 : Register in operand not in bank 0.  Ensure that bank bits are correct.
Warning[203] C:\USERS\HP PROBOOK A9\ONEDRIVE\DESKTOP\PROJECT4\MAIN.ASM 93 : Found opcode in column 1. (BCF)
Message[302] C:\USERS\HP PROBOOK A9\ONEDRIVE\DESKTOP\PROJECT4\MAIN.ASM 93 : Register in operand not in bank 0.  Ensure that bank bits are correct.
Warning[203] C:\USERS\HP PROBOOK A9\ONEDRIVE\DESKTOP\PROJECT4\MAIN.ASM 94 : Found opcode in column 1. (BCF)
Message[302] C:\USERS\HP PROBOOK A9\ONEDRIVE\DESKTOP\PROJECT4\MAIN.ASM 94 : Register in operand not in bank 0.  Ensure that bank bits are correct.
Warning[203] C:\USERS\HP PROBOOK A9\ONEDRIVE\DESKTOP\PROJECT4\MAIN.ASM 95 : Found opcode in column 1. (BCF)
Message[302] C:\USERS\HP PROBOOK A9\ONEDRIVE\DESKTOP\PROJECT4\MAIN.ASM 95 : Register in operand not in bank 0.  Ensure that bank bits are correct.
Warning[203] C:\USERS\HP PROBOOK A9\ONEDRIVE\DESKTOP\PROJECT4\MAIN.ASM 96 : Found opcode in column 1. (BCF)
Message[302] C:\USERS\HP PROBOOK A9\ONEDRIVE\DESKTOP\PROJECT4\MAIN.ASM 96 : Register in operand not in bank 0.  Ensure that bank bits are correct.
Warning[205] C:\USERS\HP PROBOOK A9\ONEDRIVE\DESKTOP\PROJECT4\MAIN.ASM 99 : Found directive in column 1. (BANKSEL)
Warning[203] C:\USERS\HP PROBOOK A9\ONEDRIVE\DESKTOP\PROJECT4\MAIN.ASM 100 : Found opcode in column 1. (MOVLW)
Warning[203] C:\USERS\HP PROBOOK A9\ONEDRIVE\DESKTOP\PROJECT4\MAIN.ASM 101 : Found opcode in column 1. (MOVWF)
Warning[203] C:\USERS\HP PROBOOK A9\ONEDRIVE\DESKTOP\PROJECT4\MAIN.ASM 102 : Found opcode in column 1. (CLRF)
Warning[203] C:\USERS\HP PROBOOK A9\ONEDRIVE\DESKTOP\PROJECT4\MAIN.ASM 103 : Found opcode in column 1. (CLRF)
Warning[203] C:\USERS\HP PROBOOK A9\ONEDRIVE\DESKTOP\PROJECT4\MAIN.ASM 104 : Found opcode in column 1. (BCF)
Warning[203] C:\USERS\HP PROBOOK A9\ONEDRIVE\DESKTOP\PROJECT4\MAIN.ASM 105 : Found opcode in column 1. (BSF)
Message[302] C:\USERS\HP PROBOOK A9\ONEDRIVE\DESKTOP\PROJECT4\MAIN.ASM 105 : Register in operand not in bank 0.  Ensure that bank bits are correct.
Warning[205] C:\USERS\HP PROBOOK A9\ONEDRIVE\DESKTOP\PROJECT4\MAIN.ASM 107 : Found directive in column 1. (BANKSEL)
Warning[203] C:\USERS\HP PROBOOK A9\ONEDRIVE\DESKTOP\PROJECT4\MAIN.ASM 109 : Found opcode in column 1. (GOTO)
Warning[205] C:\USERS\HP PROBOOK A9\ONEDRIVE\DESKTOP\PROJECT4\MAIN.ASM 113 : Found directive in column 1. (BANKSEL)
Warning[203] C:\USERS\HP PROBOOK A9\ONEDRIVE\DESKTOP\PROJECT4\MAIN.ASM 114 : Found opcode in column 1. (BCF)
Warning[205] C:\USERS\HP PROBOOK A9\ONEDRIVE\DESKTOP\PROJECT4\MAIN.ASM 115 : Found directive in column 1. (BANKSEL)
Warning[203] C:\USERS\HP PROBOOK A9\ONEDRIVE\DESKTOP\PROJECT4\MAIN.ASM 116 : Found opcode in column 1. (retfie)
Warning[205] C:\USERS\HP PROBOOK A9\ONEDRIVE\DESKTOP\PROJECT4\MAIN.ASM 118 : Found directive in column 1. (INCLUDE)
Message[305] C:\USERS\HP PROBOOK A9\ONEDRIVE\DESKTOP\PROJECT4\LCDIS_PORTD.INC 27 : Using default destination of 1 (file).
Message[305] C:\USERS\HP PROBOOK A9\ONEDRIVE\DESKTOP\PROJECT4\LCDIS_PORTD.INC 37 : Using default destination of 1 (file).
Message[305] C:\USERS\HP PROBOOK A9\ONEDRIVE\DESKTOP\PROJECT4\LCDIS_PORTD.INC 62 : Using default destination of 1 (file).
Warning[205] C:\USERS\HP PROBOOK A9\ONEDRIVE\DESKTOP\PROJECT4\MAIN.ASM 123 : Found directive in column 1. (BANKSEL)
Warning[203] C:\USERS\HP PROBOOK A9\ONEDRIVE\DESKTOP\PROJECT4\MAIN.ASM 124 : Found opcode in column 1. (BSF)
Warning[203] C:\USERS\HP PROBOOK A9\ONEDRIVE\DESKTOP\PROJECT4\MAIN.ASM 125 : Found opcode in column 1. (BCF)
Warning[203] C:\USERS\HP PROBOOK A9\ONEDRIVE\DESKTOP\PROJECT4\MAIN.ASM 126 : Found opcode in column 1. (BCF)
Warning[203] C:\USERS\HP PROBOOK A9\ONEDRIVE\DESKTOP\PROJECT4\MAIN.ASM 136 : Found opcode in column 1. (MOVLW)
Warning[203] C:\USERS\HP PROBOOK A9\ONEDRIVE\DESKTOP\PROJECT4\MAIN.ASM 137 : Found opcode in column 1. (MOVWF)
Warning[203] C:\USERS\HP PROBOOK A9\ONEDRIVE\DESKTOP\PROJECT4\MAIN.ASM 140 : Found opcode in column 1. (CALL)
Warning[203] C:\USERS\HP PROBOOK A9\ONEDRIVE\DESKTOP\PROJECT4\MAIN.ASM 141 : Found opcode in column 1. (CALL)
Warning[203] C:\USERS\HP PROBOOK A9\ONEDRIVE\DESKTOP\PROJECT4\MAIN.ASM 142 : Found opcode in column 1. (CALL)
Warning[203] C:\USERS\HP PROBOOK A9\ONEDRIVE\DESKTOP\PROJECT4\MAIN.ASM 143 : Found opcode in column 1. (BCF)
Warning[203] C:\USERS\HP PROBOOK A9\ONEDRIVE\DESKTOP\PROJECT4\MAIN.ASM 144 : Found opcode in column 1. (CALL)
Warning[203] C:\USERS\HP PROBOOK A9\ONEDRIVE\DESKTOP\PROJECT4\MAIN.ASM 145 : Found opcode in column 1. (MOVLW)
Warning[203] C:\USERS\HP PROBOOK A9\ONEDRIVE\DESKTOP\PROJECT4\MAIN.ASM 146 : Found opcode in column 1. (CALL)
Warning[203] C:\USERS\HP PROBOOK A9\ONEDRIVE\DESKTOP\PROJECT4\MAIN.ASM 147 : Found opcode in column 1. (MOVLW)
Warning[203] C:\USERS\HP PROBOOK A9\ONEDRIVE\DESKTOP\PROJECT4\MAIN.ASM 148 : Found opcode in column 1. (CALL)
Warning[203] C:\USERS\HP PROBOOK A9\ONEDRIVE\DESKTOP\PROJECT4\MAIN.ASM 149 : Found opcode in column 1. (DECFSZ)
Warning[203] C:\USERS\HP PROBOOK A9\ONEDRIVE\DESKTOP\PROJECT4\MAIN.ASM 150 : Found opcode in column 1. (Goto)
Warning[203] C:\USERS\HP PROBOOK A9\ONEDRIVE\DESKTOP\PROJECT4\MAIN.ASM 151 : Found opcode in column 1. (Goto)
Warning[203] C:\USERS\HP PROBOOK A9\ONEDRIVE\DESKTOP\PROJECT4\MAIN.ASM 155 : Found opcode in column 1. (MOVWF)
Warning[203] C:\USERS\HP PROBOOK A9\ONEDRIVE\DESKTOP\PROJECT4\MAIN.ASM 158 : Found opcode in column 1. (NOP)
Warning[203] C:\USERS\HP PROBOOK A9\ONEDRIVE\DESKTOP\PROJECT4\MAIN.ASM 159 : Found opcode in column 1. (NOP)
Warning[203] C:\USERS\HP PROBOOK A9\ONEDRIVE\DESKTOP\PROJECT4\MAIN.ASM 160 : Found opcode in column 1. (NOP)
Warning[203] C:\USERS\HP PROBOOK A9\ONEDRIVE\DESKTOP\PROJECT4\MAIN.ASM 161 : Found opcode in column 1. (NOP)
Warning[203] C:\USERS\HP PROBOOK A9\ONEDRIVE\DESKTOP\PROJECT4\MAIN.ASM 162 : Found opcode in column 1. (NOP)
Warning[203] C:\USERS\HP PROBOOK A9\ONEDRIVE\DESKTOP\PROJECT4\MAIN.ASM 163 : Found opcode in column 1. (NOP)
Warning[203] C:\USERS\HP PROBOOK A9\ONEDRIVE\DESKTOP\PROJECT4\MAIN.ASM 164 : Found opcode in column 1. (NOP)
Warning[203] C:\USERS\HP PROBOOK A9\ONEDRIVE\DESKTOP\PROJECT4\MAIN.ASM 165 : Found opcode in column 1. (NOP)
Warning[203] C:\USERS\HP PROBOOK A9\ONEDRIVE\DESKTOP\PROJECT4\MAIN.ASM 166 : Found opcode in column 1. (NOP)
Warning[203] C:\USERS\HP PROBOOK A9\ONEDRIVE\DESKTOP\PROJECT4\MAIN.ASM 167 : Found opcode in column 1. (NOP)
Warning[203] C:\USERS\HP PROBOOK A9\ONEDRIVE\DESKTOP\PROJECT4\MAIN.ASM 169 : Found opcode in column 1. (DECFSZ)
Message[305] C:\USERS\HP PROBOOK A9\ONEDRIVE\DESKTOP\PROJECT4\MAIN.ASM 169 : Using default destination of 1 (file).
Warning[203] C:\USERS\HP PROBOOK A9\ONEDRIVE\DESKTOP\PROJECT4\MAIN.ASM 170 : Found opcode in column 1. (GOTO)
Warning[203] C:\USERS\HP PROBOOK A9\ONEDRIVE\DESKTOP\PROJECT4\MAIN.ASM 171 : Found opcode in column 1. (RETURN)
Warning[203] C:\USERS\HP PROBOOK A9\ONEDRIVE\DESKTOP\PROJECT4\MAIN.ASM 173 : Found opcode in column 1. (MOVWF)
Warning[203] C:\USERS\HP PROBOOK A9\ONEDRIVE\DESKTOP\PROJECT4\MAIN.ASM 174 : Found opcode in column 1. (MOVLW)
Warning[203] C:\USERS\HP PROBOOK A9\ONEDRIVE\DESKTOP\PROJECT4\MAIN.ASM 177 : Found opcode in column 1. (CALL)
Warning[203] C:\USERS\HP PROBOOK A9\ONEDRIVE\DESKTOP\PROJECT4\MAIN.ASM 178 : Found opcode in column 1. (CALL)
Warning[203] C:\USERS\HP PROBOOK A9\ONEDRIVE\DESKTOP\PROJECT4\MAIN.ASM 179 : Found opcode in column 1. (CALL)
Warning[203] C:\USERS\HP PROBOOK A9\ONEDRIVE\DESKTOP\PROJECT4\MAIN.ASM 180 : Found opcode in column 1. (CALL)
Warning[203] C:\USERS\HP PROBOOK A9\ONEDRIVE\DESKTOP\PROJECT4\MAIN.ASM 183 : Found opcode in column 1. (DECFSZ)
Message[305] C:\USERS\HP PROBOOK A9\ONEDRIVE\DESKTOP\PROJECT4\MAIN.ASM 183 : Using default destination of 1 (file).
Warning[203] C:\USERS\HP PROBOOK A9\ONEDRIVE\DESKTOP\PROJECT4\MAIN.ASM 184 : Found opcode in column 1. (GOTO)
Warning[203] C:\USERS\HP PROBOOK A9\ONEDRIVE\DESKTOP\PROJECT4\MAIN.ASM 185 : Found opcode in column 1. (RETURN)
Warning[205] C:\USERS\HP PROBOOK A9\ONEDRIVE\DESKTOP\PROJECT4\MAIN.ASM 190 : Found directive in column 1. (BANKSEL)
Warning[203] C:\USERS\HP PROBOOK A9\ONEDRIVE\DESKTOP\PROJECT4\MAIN.ASM 196 : Found opcode in column 1. (BTFSC)
Warning[203] C:\USERS\HP PROBOOK A9\ONEDRIVE\DESKTOP\PROJECT4\MAIN.ASM 197 : Found opcode in column 1. (BSF)
Warning[203] C:\USERS\HP PROBOOK A9\ONEDRIVE\DESKTOP\PROJECT4\MAIN.ASM 198 : Found opcode in column 1. (BTFSS)
Warning[203] C:\USERS\HP PROBOOK A9\ONEDRIVE\DESKTOP\PROJECT4\MAIN.ASM 199 : Found opcode in column 1. (BCF)
Warning[203] C:\USERS\HP PROBOOK A9\ONEDRIVE\DESKTOP\PROJECT4\MAIN.ASM 202 : Found opcode in column 1. (BTFSC)
Warning[203] C:\USERS\HP PROBOOK A9\ONEDRIVE\DESKTOP\PROJECT4\MAIN.ASM 203 : Found opcode in column 1. (BSF)
Warning[203] C:\USERS\HP PROBOOK A9\ONEDRIVE\DESKTOP\PROJECT4\MAIN.ASM 204 : Found opcode in column 1. (BTFSS)
Warning[203] C:\USERS\HP PROBOOK A9\ONEDRIVE\DESKTOP\PROJECT4\MAIN.ASM 205 : Found opcode in column 1. (BCF)
Warning[203] C:\USERS\HP PROBOOK A9\ONEDRIVE\DESKTOP\PROJECT4\MAIN.ASM 208 : Found opcode in column 1. (BTFSC)
Warning[203] C:\USERS\HP PROBOOK A9\ONEDRIVE\DESKTOP\PROJECT4\MAIN.ASM 209 : Found opcode in column 1. (BSF)
Warning[203] C:\USERS\HP PROBOOK A9\ONEDRIVE\DESKTOP\PROJECT4\MAIN.ASM 210 : Found opcode in column 1. (BTFSS)
Warning[203] C:\USERS\HP PROBOOK A9\ONEDRIVE\DESKTOP\PROJECT4\MAIN.ASM 211 : Found opcode in column 1. (BCF)
Warning[205] C:\USERS\HP PROBOOK A9\ONEDRIVE\DESKTOP\PROJECT4\MAIN.ASM 219 : Found directive in column 1. (BANKSEL)
Warning[203] C:\USERS\HP PROBOOK A9\ONEDRIVE\DESKTOP\PROJECT4\MAIN.ASM 221 : Found opcode in column 1. (BTFSC)
Warning[203] C:\USERS\HP PROBOOK A9\ONEDRIVE\DESKTOP\PROJECT4\MAIN.ASM 222 : Found opcode in column 1. (BCF)
Warning[203] C:\USERS\HP PROBOOK A9\ONEDRIVE\DESKTOP\PROJECT4\MAIN.ASM 223 : Found opcode in column 1. (BTFSS)
Warning[203] C:\USERS\HP PROBOOK A9\ONEDRIVE\DESKTOP\PROJECT4\MAIN.ASM 224 : Found opcode in column 1. (BSF)
Warning[203] C:\USERS\HP PROBOOK A9\ONEDRIVE\DESKTOP\PROJECT4\MAIN.ASM 226 : Found opcode in column 1. (BTFSC)
Warning[203] C:\USERS\HP PROBOOK A9\ONEDRIVE\DESKTOP\PROJECT4\MAIN.ASM 227 : Found opcode in column 1. (BCF)
Warning[203] C:\USERS\HP PROBOOK A9\ONEDRIVE\DESKTOP\PROJECT4\MAIN.ASM 228 : Found opcode in column 1. (BTFSS)
Warning[203] C:\USERS\HP PROBOOK A9\ONEDRIVE\DESKTOP\PROJECT4\MAIN.ASM 229 : Found opcode in column 1. (BSF)
Warning[203] C:\USERS\HP PROBOOK A9\ONEDRIVE\DESKTOP\PROJECT4\MAIN.ASM 231 : Found opcode in column 1. (BTFSC)
Warning[203] C:\USERS\HP PROBOOK A9\ONEDRIVE\DESKTOP\PROJECT4\MAIN.ASM 232 : Found opcode in column 1. (BCF)
Warning[203] C:\USERS\HP PROBOOK A9\ONEDRIVE\DESKTOP\PROJECT4\MAIN.ASM 233 : Found opcode in column 1. (BTFSS)
Warning[203] C:\USERS\HP PROBOOK A9\ONEDRIVE\DESKTOP\PROJECT4\MAIN.ASM 234 : Found opcode in column 1. (BSF)
Warning[203] C:\USERS\HP PROBOOK A9\ONEDRIVE\DESKTOP\PROJECT4\MAIN.ASM 236 : Found opcode in column 1. (NOP)
Warning[203] C:\USERS\HP PROBOOK A9\ONEDRIVE\DESKTOP\PROJECT4\MAIN.ASM 237 : Found opcode in column 1. (NOP)
Warning[205] C:\USERS\HP PROBOOK A9\ONEDRIVE\DESKTOP\PROJECT4\MAIN.ASM 238 : Found directive in column 1. (BANKSEL)
Warning[203] C:\USERS\HP PROBOOK A9\ONEDRIVE\DESKTOP\PROJECT4\MAIN.ASM 239 : Found opcode in column 1. (BTFSC)
Warning[203] C:\USERS\HP PROBOOK A9\ONEDRIVE\DESKTOP\PROJECT4\MAIN.ASM 240 : Found opcode in column 1. (BSF)
Warning[203] C:\USERS\HP PROBOOK A9\ONEDRIVE\DESKTOP\PROJECT4\MAIN.ASM 241 : Found opcode in column 1. (BTFSS)
Warning[203] C:\USERS\HP PROBOOK A9\ONEDRIVE\DESKTOP\PROJECT4\MAIN.ASM 242 : Found opcode in column 1. (BCF)
Warning[203] C:\USERS\HP PROBOOK A9\ONEDRIVE\DESKTOP\PROJECT4\MAIN.ASM 244 : Found opcode in column 1. (BTFSC)
Warning[203] C:\USERS\HP PROBOOK A9\ONEDRIVE\DESKTOP\PROJECT4\MAIN.ASM 245 : Found opcode in column 1. (BSF)
Warning[203] C:\USERS\HP PROBOOK A9\ONEDRIVE\DESKTOP\PROJECT4\MAIN.ASM 246 : Found opcode in column 1. (BTFSS)
Warning[203] C:\USERS\HP PROBOOK A9\ONEDRIVE\DESKTOP\PROJECT4\MAIN.ASM 247 : Found opcode in column 1. (BCF)
Warning[203] C:\USERS\HP PROBOOK A9\ONEDRIVE\DESKTOP\PROJECT4\MAIN.ASM 249 : Found opcode in column 1. (BTFSC)
Warning[203] C:\USERS\HP PROBOOK A9\ONEDRIVE\DESKTOP\PROJECT4\MAIN.ASM 250 : Found opcode in column 1. (BSF)
Warning[203] C:\USERS\HP PROBOOK A9\ONEDRIVE\DESKTOP\PROJECT4\MAIN.ASM 251 : Found opcode in column 1. (BTFSS)
Warning[203] C:\USERS\HP PROBOOK A9\ONEDRIVE\DESKTOP\PROJECT4\MAIN.ASM 252 : Found opcode in column 1. (BCF)
Warning[203] C:\USERS\HP PROBOOK A9\ONEDRIVE\DESKTOP\PROJECT4\MAIN.ASM 254 : Found opcode in column 1. (NOP)
Warning[203] C:\USERS\HP PROBOOK A9\ONEDRIVE\DESKTOP\PROJECT4\MAIN.ASM 255 : Found opcode in column 1. (NOP)
Warning[203] C:\USERS\HP PROBOOK A9\ONEDRIVE\DESKTOP\PROJECT4\MAIN.ASM 256 : Found opcode in column 1. (NOP)
Warning[203] C:\USERS\HP PROBOOK A9\ONEDRIVE\DESKTOP\PROJECT4\MAIN.ASM 257 : Found opcode in column 1. (NOP)
Warning[203] C:\USERS\HP PROBOOK A9\ONEDRIVE\DESKTOP\PROJECT4\MAIN.ASM 258 : Found opcode in column 1. (NOP)
Warning[203] C:\USERS\HP PROBOOK A9\ONEDRIVE\DESKTOP\PROJECT4\MAIN.ASM 259 : Found opcode in column 1. (NOP)
Warning[203] C:\USERS\HP PROBOOK A9\ONEDRIVE\DESKTOP\PROJECT4\MAIN.ASM 260 : Found opcode in column 1. (NOP)
Warning[203] C:\USERS\HP PROBOOK A9\ONEDRIVE\DESKTOP\PROJECT4\MAIN.ASM 261 : Found opcode in column 1. (NOP)
Warning[203] C:\USERS\HP PROBOOK A9\ONEDRIVE\DESKTOP\PROJECT4\MAIN.ASM 262 : Found opcode in column 1. (NOP)
Warning[203] C:\USERS\HP PROBOOK A9\ONEDRIVE\DESKTOP\PROJECT4\MAIN.ASM 263 : Found opcode in column 1. (NOP)
Warning[205] C:\USERS\HP PROBOOK A9\ONEDRIVE\DESKTOP\PROJECT4\MAIN.ASM 265 : Found directive in column 1. (BANKSEL)
Warning[203] C:\USERS\HP PROBOOK A9\ONEDRIVE\DESKTOP\PROJECT4\MAIN.ASM 267 : Found opcode in column 1. (BTFSC)
Warning[203] C:\USERS\HP PROBOOK A9\ONEDRIVE\DESKTOP\PROJECT4\MAIN.ASM 268 : Found opcode in column 1. (BCF)
Warning[203] C:\USERS\HP PROBOOK A9\ONEDRIVE\DESKTOP\PROJECT4\MAIN.ASM 269 : Found opcode in column 1. (BTFSS)
Warning[203] C:\USERS\HP PROBOOK A9\ONEDRIVE\DESKTOP\PROJECT4\MAIN.ASM 270 : Found opcode in column 1. (BSF)
Warning[203] C:\USERS\HP PROBOOK A9\ONEDRIVE\DESKTOP\PROJECT4\MAIN.ASM 272 : Found opcode in column 1. (BTFSC)
Warning[203] C:\USERS\HP PROBOOK A9\ONEDRIVE\DESKTOP\PROJECT4\MAIN.ASM 273 : Found opcode in column 1. (BCF)
Warning[203] C:\USERS\HP PROBOOK A9\ONEDRIVE\DESKTOP\PROJECT4\MAIN.ASM 274 : Found opcode in column 1. (BTFSS)
Warning[203] C:\USERS\HP PROBOOK A9\ONEDRIVE\DESKTOP\PROJECT4\MAIN.ASM 275 : Found opcode in column 1. (BSF)
Warning[203] C:\USERS\HP PROBOOK A9\ONEDRIVE\DESKTOP\PROJECT4\MAIN.ASM 277 : Found opcode in column 1. (BTFSC)
Warning[203] C:\USERS\HP PROBOOK A9\ONEDRIVE\DESKTOP\PROJECT4\MAIN.ASM 278 : Found opcode in column 1. (BCF)
Warning[203] C:\USERS\HP PROBOOK A9\ONEDRIVE\DESKTOP\PROJECT4\MAIN.ASM 279 : Found opcode in column 1. (BTFSS)
Warning[203] C:\USERS\HP PROBOOK A9\ONEDRIVE\DESKTOP\PROJECT4\MAIN.ASM 280 : Found opcode in column 1. (BSF)
Warning[203] C:\USERS\HP PROBOOK A9\ONEDRIVE\DESKTOP\PROJECT4\MAIN.ASM 282 : Found opcode in column 1. (CLRF)
Warning[203] C:\USERS\HP PROBOOK A9\ONEDRIVE\DESKTOP\PROJECT4\MAIN.ASM 283 : Found opcode in column 1. (CLRF)
Warning[203] C:\USERS\HP PROBOOK A9\ONEDRIVE\DESKTOP\PROJECT4\MAIN.ASM 284 : Found opcode in column 1. (BCF)
Warning[205] C:\USERS\HP PROBOOK A9\ONEDRIVE\DESKTOP\PROJECT4\MAIN.ASM 286 : Found directive in column 1. (BANKSEL)
Warning[203] C:\USERS\HP PROBOOK A9\ONEDRIVE\DESKTOP\PROJECT4\MAIN.ASM 287 : Found opcode in column 1. (BTFSC)
Warning[203] C:\USERS\HP PROBOOK A9\ONEDRIVE\DESKTOP\PROJECT4\MAIN.ASM 288 : Found opcode in column 1. (BSF)
Warning[203] C:\USERS\HP PROBOOK A9\ONEDRIVE\DESKTOP\PROJECT4\MAIN.ASM 289 : Found opcode in column 1. (BTFSS)
Warning[203] C:\USERS\HP PROBOOK A9\ONEDRIVE\DESKTOP\PROJECT4\MAIN.ASM 290 : Found opcode in column 1. (BCF)
Warning[203] C:\USERS\HP PROBOOK A9\ONEDRIVE\DESKTOP\PROJECT4\MAIN.ASM 292 : Found opcode in column 1. (BTFSC)
Warning[203] C:\USERS\HP PROBOOK A9\ONEDRIVE\DESKTOP\PROJECT4\MAIN.ASM 293 : Found opcode in column 1. (BSF)
Warning[203] C:\USERS\HP PROBOOK A9\ONEDRIVE\DESKTOP\PROJECT4\MAIN.ASM 294 : Found opcode in column 1. (BTFSS)
Warning[203] C:\USERS\HP PROBOOK A9\ONEDRIVE\DESKTOP\PROJECT4\MAIN.ASM 295 : Found opcode in column 1. (BCF)
Warning[203] C:\USERS\HP PROBOOK A9\ONEDRIVE\DESKTOP\PROJECT4\MAIN.ASM 297 : Found opcode in column 1. (BTFSC)
Warning[203] C:\USERS\HP PROBOOK A9\ONEDRIVE\DESKTOP\PROJECT4\MAIN.ASM 298 : Found opcode in column 1. (BSF)
Warning[203] C:\USERS\HP PROBOOK A9\ONEDRIVE\DESKTOP\PROJECT4\MAIN.ASM 299 : Found opcode in column 1. (BTFSS)
Warning[203] C:\USERS\HP PROBOOK A9\ONEDRIVE\DESKTOP\PROJECT4\MAIN.ASM 300 : Found opcode in column 1. (BCF)
Warning[205] C:\USERS\HP PROBOOK A9\ONEDRIVE\DESKTOP\PROJECT4\MAIN.ASM 304 : Found directive in column 1. (BANKSEL)
Warning[203] C:\USERS\HP PROBOOK A9\ONEDRIVE\DESKTOP\PROJECT4\MAIN.ASM 308 : Found opcode in column 1. (MOVF)
Warning[203] C:\USERS\HP PROBOOK A9\ONEDRIVE\DESKTOP\PROJECT4\MAIN.ASM 309 : Found opcode in column 1. (SUBLW)
Warning[203] C:\USERS\HP PROBOOK A9\ONEDRIVE\DESKTOP\PROJECT4\MAIN.ASM 310 : Found opcode in column 1. (BTFSS)
Warning[203] C:\USERS\HP PROBOOK A9\ONEDRIVE\DESKTOP\PROJECT4\MAIN.ASM 311 : Found opcode in column 1. (GOTO)
Warning[203] C:\USERS\HP PROBOOK A9\ONEDRIVE\DESKTOP\PROJECT4\MAIN.ASM 312 : Found opcode in column 1. (BTFSS)
Warning[203] C:\USERS\HP PROBOOK A9\ONEDRIVE\DESKTOP\PROJECT4\MAIN.ASM 313 : Found opcode in column 1. (GOTO)
Warning[203] C:\USERS\HP PROBOOK A9\ONEDRIVE\DESKTOP\PROJECT4\MAIN.ASM 314 : Found opcode in column 1. (GOTO)
Warning[203] C:\USERS\HP PROBOOK A9\ONEDRIVE\DESKTOP\PROJECT4\MAIN.ASM 317 : Found opcode in column 1. (MOVF)
Warning[203] C:\USERS\HP PROBOOK A9\ONEDRIVE\DESKTOP\PROJECT4\MAIN.ASM 318 : Found opcode in column 1. (SUBLW)
Warning[203] C:\USERS\HP PROBOOK A9\ONEDRIVE\DESKTOP\PROJECT4\MAIN.ASM 319 : Found opcode in column 1. (BTFSS)
Warning[203] C:\USERS\HP PROBOOK A9\ONEDRIVE\DESKTOP\PROJECT4\MAIN.ASM 320 : Found opcode in column 1. (GOTO)
Warning[203] C:\USERS\HP PROBOOK A9\ONEDRIVE\DESKTOP\PROJECT4\MAIN.ASM 321 : Found opcode in column 1. (BTFSS)
Warning[203] C:\USERS\HP PROBOOK A9\ONEDRIVE\DESKTOP\PROJECT4\MAIN.ASM 322 : Found opcode in column 1. (GOTO)
Warning[203] C:\USERS\HP PROBOOK A9\ONEDRIVE\DESKTOP\PROJECT4\MAIN.ASM 323 : Found opcode in column 1. (GOTO)
Warning[203] C:\USERS\HP PROBOOK A9\ONEDRIVE\DESKTOP\PROJECT4\MAIN.ASM 326 : Found opcode in column 1. (MOVF)
Warning[203] C:\USERS\HP PROBOOK A9\ONEDRIVE\DESKTOP\PROJECT4\MAIN.ASM 327 : Found opcode in column 1. (BTFSS)
Warning[203] C:\USERS\HP PROBOOK A9\ONEDRIVE\DESKTOP\PROJECT4\MAIN.ASM 328 : Found opcode in column 1. (GOTO)
Warning[203] C:\USERS\HP PROBOOK A9\ONEDRIVE\DESKTOP\PROJECT4\MAIN.ASM 332 : Found opcode in column 1. (CLRF)
Warning[203] C:\USERS\HP PROBOOK A9\ONEDRIVE\DESKTOP\PROJECT4\MAIN.ASM 333 : Found opcode in column 1. (CLRF)
Warning[203] C:\USERS\HP PROBOOK A9\ONEDRIVE\DESKTOP\PROJECT4\MAIN.ASM 334 : Found opcode in column 1. (BCF)
Warning[203] C:\USERS\HP PROBOOK A9\ONEDRIVE\DESKTOP\PROJECT4\MAIN.ASM 339 : Found opcode in column 1. (MOVF)
Warning[203] C:\USERS\HP PROBOOK A9\ONEDRIVE\DESKTOP\PROJECT4\MAIN.ASM 340 : Found opcode in column 1. (SUBLW)
Warning[203] C:\USERS\HP PROBOOK A9\ONEDRIVE\DESKTOP\PROJECT4\MAIN.ASM 341 : Found opcode in column 1. (BTFSS)
Warning[203] C:\USERS\HP PROBOOK A9\ONEDRIVE\DESKTOP\PROJECT4\MAIN.ASM 342 : Found opcode in column 1. (GOTO)
Warning[203] C:\USERS\HP PROBOOK A9\ONEDRIVE\DESKTOP\PROJECT4\MAIN.ASM 343 : Found opcode in column 1. (BTFSC)
Warning[203] C:\USERS\HP PROBOOK A9\ONEDRIVE\DESKTOP\PROJECT4\MAIN.ASM 344 : Found opcode in column 1. (GOTO)
Warning[203] C:\USERS\HP PROBOOK A9\ONEDRIVE\DESKTOP\PROJECT4\MAIN.ASM 345 : Found opcode in column 1. (GOTO)
Warning[203] C:\USERS\HP PROBOOK A9\ONEDRIVE\DESKTOP\PROJECT4\MAIN.ASM 348 : Found opcode in column 1. (MOVF)
Warning[203] C:\USERS\HP PROBOOK A9\ONEDRIVE\DESKTOP\PROJECT4\MAIN.ASM 349 : Found opcode in column 1. (SUBLW)
Warning[203] C:\USERS\HP PROBOOK A9\ONEDRIVE\DESKTOP\PROJECT4\MAIN.ASM 350 : Found opcode in column 1. (BTFSS)
Warning[203] C:\USERS\HP PROBOOK A9\ONEDRIVE\DESKTOP\PROJECT4\MAIN.ASM 351 : Found opcode in column 1. (GOTO)
Warning[203] C:\USERS\HP PROBOOK A9\ONEDRIVE\DESKTOP\PROJECT4\MAIN.ASM 352 : Found opcode in column 1. (BTFSC)
Warning[203] C:\USERS\HP PROBOOK A9\ONEDRIVE\DESKTOP\PROJECT4\MAIN.ASM 353 : Found opcode in column 1. (GOTO)
Warning[203] C:\USERS\HP PROBOOK A9\ONEDRIVE\DESKTOP\PROJECT4\MAIN.ASM 354 : Found opcode in column 1. (GOTO)
Warning[203] C:\USERS\HP PROBOOK A9\ONEDRIVE\DESKTOP\PROJECT4\MAIN.ASM 357 : Found opcode in column 1. (MOVF)
Warning[203] C:\USERS\HP PROBOOK A9\ONEDRIVE\DESKTOP\PROJECT4\MAIN.ASM 358 : Found opcode in column 1. (BTFSC)
Warning[203] C:\USERS\HP PROBOOK A9\ONEDRIVE\DESKTOP\PROJECT4\MAIN.ASM 359 : Found opcode in column 1. (GOTO)
Warning[203] C:\USERS\HP PROBOOK A9\ONEDRIVE\DESKTOP\PROJECT4\MAIN.ASM 363 : Found opcode in column 1. (MOVF)
Warning[203] C:\USERS\HP PROBOOK A9\ONEDRIVE\DESKTOP\PROJECT4\MAIN.ASM 364 : Found opcode in column 1. (MOVWF)
Warning[203] C:\USERS\HP PROBOOK A9\ONEDRIVE\DESKTOP\PROJECT4\MAIN.ASM 368 : Found opcode in column 1. (MOVF)
Warning[203] C:\USERS\HP PROBOOK A9\ONEDRIVE\DESKTOP\PROJECT4\MAIN.ASM 369 : Found opcode in column 1. (MOVWF)
Warning[203] C:\USERS\HP PROBOOK A9\ONEDRIVE\DESKTOP\PROJECT4\MAIN.ASM 374 : Found opcode in column 1. (MOVLW)
Warning[203] C:\USERS\HP PROBOOK A9\ONEDRIVE\DESKTOP\PROJECT4\MAIN.ASM 375 : Found opcode in column 1. (MOVWF)
Warning[203] C:\USERS\HP PROBOOK A9\ONEDRIVE\DESKTOP\PROJECT4\MAIN.ASM 417 : Found opcode in column 1. (MOVF)
Warning[203] C:\USERS\HP PROBOOK A9\ONEDRIVE\DESKTOP\PROJECT4\MAIN.ASM 418 : Found opcode in column 1. (BCF)
Warning[203] C:\USERS\HP PROBOOK A9\ONEDRIVE\DESKTOP\PROJECT4\MAIN.ASM 420 : Found opcode in column 1. (INCF)
Message[305] C:\USERS\HP PROBOOK A9\ONEDRIVE\DESKTOP\PROJECT4\MAIN.ASM 420 : Using default destination of 1 (file).
Warning[203] C:\USERS\HP PROBOOK A9\ONEDRIVE\DESKTOP\PROJECT4\MAIN.ASM 421 : Found opcode in column 1. (SUBWF)
Message[305] C:\USERS\HP PROBOOK A9\ONEDRIVE\DESKTOP\PROJECT4\MAIN.ASM 421 : Using default destination of 1 (file).
Warning[203] C:\USERS\HP PROBOOK A9\ONEDRIVE\DESKTOP\PROJECT4\MAIN.ASM 422 : Found opcode in column 1. (BTFSS)
Warning[203] C:\USERS\HP PROBOOK A9\ONEDRIVE\DESKTOP\PROJECT4\MAIN.ASM 423 : Found opcode in column 1. (GOTO)
Warning[203] C:\USERS\HP PROBOOK A9\ONEDRIVE\DESKTOP\PROJECT4\MAIN.ASM 424 : Found opcode in column 1. (GOTO)
Warning[203] C:\USERS\HP PROBOOK A9\ONEDRIVE\DESKTOP\PROJECT4\MAIN.ASM 426 : Found opcode in column 1. (BTFSC)
Warning[203] C:\USERS\HP PROBOOK A9\ONEDRIVE\DESKTOP\PROJECT4\MAIN.ASM 427 : Found opcode in column 1. (GOTO)
Warning[203] C:\USERS\HP PROBOOK A9\ONEDRIVE\DESKTOP\PROJECT4\MAIN.ASM 428 : Found opcode in column 1. (DECF)
Message[305] C:\USERS\HP PROBOOK A9\ONEDRIVE\DESKTOP\PROJECT4\MAIN.ASM 428 : Using default destination of 1 (file).
Warning[203] C:\USERS\HP PROBOOK A9\ONEDRIVE\DESKTOP\PROJECT4\MAIN.ASM 429 : Found opcode in column 1. (MOVF)
Warning[203] C:\USERS\HP PROBOOK A9\ONEDRIVE\DESKTOP\PROJECT4\MAIN.ASM 430 : Found opcode in column 1. (ADDWF)
Message[305] C:\USERS\HP PROBOOK A9\ONEDRIVE\DESKTOP\PROJECT4\MAIN.ASM 430 : Using default destination of 1 (file).
Warning[203] C:\USERS\HP PROBOOK A9\ONEDRIVE\DESKTOP\PROJECT4\MAIN.ASM 434 : Found opcode in column 1. (CALL)
Warning[203] C:\USERS\HP PROBOOK A9\ONEDRIVE\DESKTOP\PROJECT4\MAIN.ASM 438 : Found opcode in column 1. (MOVLW)
Warning[203] C:\USERS\HP PROBOOK A9\ONEDRIVE\DESKTOP\PROJECT4\MAIN.ASM 439 : Found opcode in column 1. (CALL)
Warning[203] C:\USERS\HP PROBOOK A9\ONEDRIVE\DESKTOP\PROJECT4\MAIN.ASM 441 : Found opcode in column 1. (MOVLW)
Warning[203] C:\USERS\HP PROBOOK A9\ONEDRIVE\DESKTOP\PROJECT4\MAIN.ASM 442 : Found opcode in column 1. (CALL)
Warning[205] C:\USERS\HP PROBOOK A9\ONEDRIVE\DESKTOP\PROJECT4\MAIN.ASM 486 : Found directive in column 1. (BANKSEL)
Warning[203] C:\USERS\HP PROBOOK A9\ONEDRIVE\DESKTOP\PROJECT4\MAIN.ASM 487 : Found opcode in column 1. (BTFSC)
Warning[203] C:\USERS\HP PROBOOK A9\ONEDRIVE\DESKTOP\PROJECT4\MAIN.ASM 488 : Found opcode in column 1. (BSF)
Warning[203] C:\USERS\HP PROBOOK A9\ONEDRIVE\DESKTOP\PROJECT4\MAIN.ASM 489 : Found opcode in column 1. (BTFSS)
Warning[203] C:\USERS\HP PROBOOK A9\ONEDRIVE\DESKTOP\PROJECT4\MAIN.ASM 490 : Found opcode in column 1. (BCF)
Warning[203] C:\USERS\HP PROBOOK A9\ONEDRIVE\DESKTOP\PROJECT4\MAIN.ASM 492 : Found opcode in column 1. (BTFSC)
Warning[203] C:\USERS\HP PROBOOK A9\ONEDRIVE\DESKTOP\PROJECT4\MAIN.ASM 493 : Found opcode in column 1. (BSF)
Warning[203] C:\USERS\HP PROBOOK A9\ONEDRIVE\DESKTOP\PROJECT4\MAIN.ASM 494 : Found opcode in column 1. (BTFSS)
Warning[203] C:\USERS\HP PROBOOK A9\ONEDRIVE\DESKTOP\PROJECT4\MAIN.ASM 495 : Found opcode in column 1. (BCF)
Warning[203] C:\USERS\HP PROBOOK A9\ONEDRIVE\DESKTOP\PROJECT4\MAIN.ASM 497 : Found opcode in column 1. (BTFSC)
Warning[203] C:\USERS\HP PROBOOK A9\ONEDRIVE\DESKTOP\PROJECT4\MAIN.ASM 498 : Found opcode in column 1. (BSF)
Warning[203] C:\USERS\HP PROBOOK A9\ONEDRIVE\DESKTOP\PROJECT4\MAIN.ASM 499 : Found opcode in column 1. (BTFSS)
Warning[203] C:\USERS\HP PROBOOK A9\ONEDRIVE\DESKTOP\PROJECT4\MAIN.ASM 500 : Found opcode in column 1. (BCF)
Warning[203] C:\USERS\HP PROBOOK A9\ONEDRIVE\DESKTOP\PROJECT4\MAIN.ASM 514 : Found opcode in column 1. (MOVF)
Warning[203] C:\USERS\HP PROBOOK A9\ONEDRIVE\DESKTOP\PROJECT4\MAIN.ASM 515 : Found opcode in column 1. (XORLW)
Warning[203] C:\USERS\HP PROBOOK A9\ONEDRIVE\DESKTOP\PROJECT4\MAIN.ASM 516 : Found opcode in column 1. (BTFSS)
Warning[203] C:\USERS\HP PROBOOK A9\ONEDRIVE\DESKTOP\PROJECT4\MAIN.ASM 518 : Found opcode in column 1. (GOTO)
Warning[203] C:\USERS\HP PROBOOK A9\ONEDRIVE\DESKTOP\PROJECT4\MAIN.ASM 519 : Found opcode in column 1. (MOVLW)
Warning[203] C:\USERS\HP PROBOOK A9\ONEDRIVE\DESKTOP\PROJECT4\MAIN.ASM 520 : Found opcode in column 1. (MOVWF)
Warning[203] C:\USERS\HP PROBOOK A9\ONEDRIVE\DESKTOP\PROJECT4\MAIN.ASM 522 : Found opcode in column 1. (GOTO)
Warning[203] C:\USERS\HP PROBOOK A9\ONEDRIVE\DESKTOP\PROJECT4\MAIN.ASM 527 : Found opcode in column 1. (MOVF)
Warning[203] C:\USERS\HP PROBOOK A9\ONEDRIVE\DESKTOP\PROJECT4\MAIN.ASM 528 : Found opcode in column 1. (ADDLW)
Warning[203] C:\USERS\HP PROBOOK A9\ONEDRIVE\DESKTOP\PROJECT4\MAIN.ASM 529 : Found opcode in column 1. (MOVWF)
Warning[203] C:\USERS\HP PROBOOK A9\ONEDRIVE\DESKTOP\PROJECT4\MAIN.ASM 531 : Found opcode in column 1. (MOVF)
Warning[203] C:\USERS\HP PROBOOK A9\ONEDRIVE\DESKTOP\PROJECT4\MAIN.ASM 532 : Found opcode in column 1. (SUBLW)
Warning[203] C:\USERS\HP PROBOOK A9\ONEDRIVE\DESKTOP\PROJECT4\MAIN.ASM 533 : Found opcode in column 1. (BTFSS)
Warning[203] C:\USERS\HP PROBOOK A9\ONEDRIVE\DESKTOP\PROJECT4\MAIN.ASM 534 : Found opcode in column 1. (GOTO)
Warning[205] C:\USERS\HP PROBOOK A9\ONEDRIVE\DESKTOP\PROJECT4\MAIN.ASM 536 : Found directive in column 1. (BANKSEL)
Warning[203] C:\USERS\HP PROBOOK A9\ONEDRIVE\DESKTOP\PROJECT4\MAIN.ASM 537 : Found opcode in column 1. (BCF)
Warning[203] C:\USERS\HP PROBOOK A9\ONEDRIVE\DESKTOP\PROJECT4\MAIN.ASM 538 : Found opcode in column 1. (BSF)
Warning[203] C:\USERS\HP PROBOOK A9\ONEDRIVE\DESKTOP\PROJECT4\MAIN.ASM 539 : Found opcode in column 1. (BCF)
Warning[203] C:\USERS\HP PROBOOK A9\ONEDRIVE\DESKTOP\PROJECT4\MAIN.ASM 540 : Found opcode in column 1. (GOTO)
Warning[203] C:\USERS\HP PROBOOK A9\ONEDRIVE\DESKTOP\PROJECT4\MAIN.ASM 543 : Found opcode in column 1. (MOVF)
Warning[203] C:\USERS\HP PROBOOK A9\ONEDRIVE\DESKTOP\PROJECT4\MAIN.ASM 544 : Found opcode in column 1. (SUBLW)
Warning[203] C:\USERS\HP PROBOOK A9\ONEDRIVE\DESKTOP\PROJECT4\MAIN.ASM 545 : Found opcode in column 1. (BTFSS)
Warning[203] C:\USERS\HP PROBOOK A9\ONEDRIVE\DESKTOP\PROJECT4\MAIN.ASM 546 : Found opcode in column 1. (GOTO)
Warning[205] C:\USERS\HP PROBOOK A9\ONEDRIVE\DESKTOP\PROJECT4\MAIN.ASM 548 : Found directive in column 1. (BANKSEL)
Warning[203] C:\USERS\HP PROBOOK A9\ONEDRIVE\DESKTOP\PROJECT4\MAIN.ASM 549 : Found opcode in column 1. (BCF)
Warning[203] C:\USERS\HP PROBOOK A9\ONEDRIVE\DESKTOP\PROJECT4\MAIN.ASM 550 : Found opcode in column 1. (BCF)
Warning[203] C:\USERS\HP PROBOOK A9\ONEDRIVE\DESKTOP\PROJECT4\MAIN.ASM 551 : Found opcode in column 1. (BSF)
Warning[203] C:\USERS\HP PROBOOK A9\ONEDRIVE\DESKTOP\PROJECT4\MAIN.ASM 555 : Found opcode in column 1. (GOTO)
Warning[203] C:\USERS\HP PROBOOK A9\ONEDRIVE\DESKTOP\PROJECT4\MAIN.ASM 559 : Found opcode in column 1. (GOTO)
Warning[203] C:\USERS\HP PROBOOK A9\ONEDRIVE\DESKTOP\PROJECT4\MAIN.ASM 563 : Found opcode in column 1. (CALL)
Warning[203] C:\USERS\HP PROBOOK A9\ONEDRIVE\DESKTOP\PROJECT4\MAIN.ASM 564 : Found opcode in column 1. (CALL)
Warning[203] C:\USERS\HP PROBOOK A9\ONEDRIVE\DESKTOP\PROJECT4\MAIN.ASM 565 : Found opcode in column 1. (CALL)
Warning[203] C:\USERS\HP PROBOOK A9\ONEDRIVE\DESKTOP\PROJECT4\MAIN.ASM 567 : Found opcode in column 1. (CLRF)
Warning[203] C:\USERS\HP PROBOOK A9\ONEDRIVE\DESKTOP\PROJECT4\MAIN.ASM 568 : Found opcode in column 1. (CLRF)
Warning[203] C:\USERS\HP PROBOOK A9\ONEDRIVE\DESKTOP\PROJECT4\MAIN.ASM 572 : Found opcode in column 1. (BCF)
Warning[203] C:\USERS\HP PROBOOK A9\ONEDRIVE\DESKTOP\PROJECT4\MAIN.ASM 581 : Found opcode in column 1. (MOVLW)
Warning[203] C:\USERS\HP PROBOOK A9\ONEDRIVE\DESKTOP\PROJECT4\MAIN.ASM 582 : Found opcode in column 1. (CALL)
Warning[203] C:\USERS\HP PROBOOK A9\ONEDRIVE\DESKTOP\PROJECT4\MAIN.ASM 583 : Found opcode in column 1. (MOVLW)
Warning[203] C:\USERS\HP PROBOOK A9\ONEDRIVE\DESKTOP\PROJECT4\MAIN.ASM 584 : Found opcode in column 1. (MOVWF)
Warning[203] C:\USERS\HP PROBOOK A9\ONEDRIVE\DESKTOP\PROJECT4\MAIN.ASM 593 : Found opcode in column 1. (CLRF)
Warning[203] C:\USERS\HP PROBOOK A9\ONEDRIVE\DESKTOP\PROJECT4\MAIN.ASM 594 : Found opcode in column 1. (CLRF)
Warning[203] C:\USERS\HP PROBOOK A9\ONEDRIVE\DESKTOP\PROJECT4\MAIN.ASM 597 : Found opcode in column 1. (MOVLW)
Warning[203] C:\USERS\HP PROBOOK A9\ONEDRIVE\DESKTOP\PROJECT4\MAIN.ASM 598 : Found opcode in column 1. (MOVWF)
Warning[204] C:\USERS\HP PROBOOK A9\ONEDRIVE\DESKTOP\PROJECT4\MAIN.ASM 599 : Found pseudo-op in column 1. (MOVFW)
Warning[203] C:\USERS\HP PROBOOK A9\ONEDRIVE\DESKTOP\PROJECT4\MAIN.ASM 600 : Found opcode in column 1. (MOVWF)
Warning[203] C:\USERS\HP PROBOOK A9\ONEDRIVE\DESKTOP\PROJECT4\MAIN.ASM 601 : Found opcode in column 1. (CALL)
Warning[203] C:\USERS\HP PROBOOK A9\ONEDRIVE\DESKTOP\PROJECT4\MAIN.ASM 602 : Found opcode in column 1. (CALL)
Warning[203] C:\USERS\HP PROBOOK A9\ONEDRIVE\DESKTOP\PROJECT4\MAIN.ASM 603 : Found opcode in column 1. (CLRF)
Warning[203] C:\USERS\HP PROBOOK A9\ONEDRIVE\DESKTOP\PROJECT4\MAIN.ASM 604 : Found opcode in column 1. (CLRF)
Warning[203] C:\USERS\HP PROBOOK A9\ONEDRIVE\DESKTOP\PROJECT4\MAIN.ASM 607 : Found opcode in column 1. (BCF)
Warning[203] C:\USERS\HP PROBOOK A9\ONEDRIVE\DESKTOP\PROJECT4\MAIN.ASM 608 : Found opcode in column 1. (MOVLW)
Warning[203] C:\USERS\HP PROBOOK A9\ONEDRIVE\DESKTOP\PROJECT4\MAIN.ASM 609 : Found opcode in column 1. (CALL)
Warning[203] C:\USERS\HP PROBOOK A9\ONEDRIVE\DESKTOP\PROJECT4\MAIN.ASM 610 : Found opcode in column 1. (MOVLW)
Warning[203] C:\USERS\HP PROBOOK A9\ONEDRIVE\DESKTOP\PROJECT4\MAIN.ASM 611 : Found opcode in column 1. (MOVWF)
Warning[204] C:\USERS\HP PROBOOK A9\ONEDRIVE\DESKTOP\PROJECT4\MAIN.ASM 612 : Found pseudo-op in column 1. (MOVFW)
Warning[203] C:\USERS\HP PROBOOK A9\ONEDRIVE\DESKTOP\PROJECT4\MAIN.ASM 613 : Found opcode in column 1. (MOVWF)
Warning[203] C:\USERS\HP PROBOOK A9\ONEDRIVE\DESKTOP\PROJECT4\MAIN.ASM 614 : Found opcode in column 1. (CALL)
Warning[203] C:\USERS\HP PROBOOK A9\ONEDRIVE\DESKTOP\PROJECT4\MAIN.ASM 615 : Found opcode in column 1. (CALL)
Warning[203] C:\USERS\HP PROBOOK A9\ONEDRIVE\DESKTOP\PROJECT4\MAIN.ASM 617 : Found opcode in column 1. (CLRF)
Warning[203] C:\USERS\HP PROBOOK A9\ONEDRIVE\DESKTOP\PROJECT4\MAIN.ASM 618 : Found opcode in column 1. (CLRF)
Warning[203] C:\USERS\HP PROBOOK A9\ONEDRIVE\DESKTOP\PROJECT4\MAIN.ASM 621 : Found opcode in column 1. (MOVLW)
Warning[203] C:\USERS\HP PROBOOK A9\ONEDRIVE\DESKTOP\PROJECT4\MAIN.ASM 622 : Found opcode in column 1. (MOVWF)
Warning[203] C:\USERS\HP PROBOOK A9\ONEDRIVE\DESKTOP\PROJECT4\MAIN.ASM 623 : Found opcode in column 1. (MOVLW)
Warning[203] C:\USERS\HP PROBOOK A9\ONEDRIVE\DESKTOP\PROJECT4\MAIN.ASM 624 : Found opcode in column 1. (MOVWF)
Warning[203] C:\USERS\HP PROBOOK A9\ONEDRIVE\DESKTOP\PROJECT4\MAIN.ASM 625 : Found opcode in column 1. (MOVF)
Warning[203] C:\USERS\HP PROBOOK A9\ONEDRIVE\DESKTOP\PROJECT4\MAIN.ASM 626 : Found opcode in column 1. (MOVWF)
Warning[203] C:\USERS\HP PROBOOK A9\ONEDRIVE\DESKTOP\PROJECT4\MAIN.ASM 627 : Found opcode in column 1. (CALL)
Warning[203] C:\USERS\HP PROBOOK A9\ONEDRIVE\DESKTOP\PROJECT4\MAIN.ASM 628 : Found opcode in column 1. (CALL)
Warning[203] C:\USERS\HP PROBOOK A9\ONEDRIVE\DESKTOP\PROJECT4\MAIN.ASM 631 : Found opcode in column 1. (RETURN)
Warning[203] C:\USERS\HP PROBOOK A9\ONEDRIVE\DESKTOP\PROJECT4\MAIN.ASM 634 : Found opcode in column 1. (BSF)
Warning[203] C:\USERS\HP PROBOOK A9\ONEDRIVE\DESKTOP\PROJECT4\MAIN.ASM 636 : Found opcode in column 1. (MOVLW)
Warning[203] C:\USERS\HP PROBOOK A9\ONEDRIVE\DESKTOP\PROJECT4\MAIN.ASM 637 : Found opcode in column 1. (CALL)
Warning[203] C:\USERS\HP PROBOOK A9\ONEDRIVE\DESKTOP\PROJECT4\MAIN.ASM 638 : Found opcode in column 1. (MOVLW)
Warning[203] C:\USERS\HP PROBOOK A9\ONEDRIVE\DESKTOP\PROJECT4\MAIN.ASM 639 : Found opcode in column 1. (CALL)
Warning[203] C:\USERS\HP PROBOOK A9\ONEDRIVE\DESKTOP\PROJECT4\MAIN.ASM 646 : Found opcode in column 1. (MOVF)
Warning[203] C:\USERS\HP PROBOOK A9\ONEDRIVE\DESKTOP\PROJECT4\MAIN.ASM 647 : Found opcode in column 1. (BTFSC)
Warning[203] C:\USERS\HP PROBOOK A9\ONEDRIVE\DESKTOP\PROJECT4\MAIN.ASM 648 : Found opcode in column 1. (GOTO)
Warning[203] C:\USERS\HP PROBOOK A9\ONEDRIVE\DESKTOP\PROJECT4\MAIN.ASM 650 : Found opcode in column 1. (ADDLW)
Warning[203] C:\USERS\HP PROBOOK A9\ONEDRIVE\DESKTOP\PROJECT4\MAIN.ASM 651 : Found opcode in column 1. (BSF)
Warning[203] C:\USERS\HP PROBOOK A9\ONEDRIVE\DESKTOP\PROJECT4\MAIN.ASM 652 : Found opcode in column 1. (CALL)
Warning[203] C:\USERS\HP PROBOOK A9\ONEDRIVE\DESKTOP\PROJECT4\MAIN.ASM 655 : Found opcode in column 1. (MOVF)
Warning[203] C:\USERS\HP PROBOOK A9\ONEDRIVE\DESKTOP\PROJECT4\MAIN.ASM 656 : Found opcode in column 1. (ADDLW)
Warning[203] C:\USERS\HP PROBOOK A9\ONEDRIVE\DESKTOP\PROJECT4\MAIN.ASM 657 : Found opcode in column 1. (BSF)
Warning[203] C:\USERS\HP PROBOOK A9\ONEDRIVE\DESKTOP\PROJECT4\MAIN.ASM 658 : Found opcode in column 1. (CALL)
Warning[203] C:\USERS\HP PROBOOK A9\ONEDRIVE\DESKTOP\PROJECT4\MAIN.ASM 662 : Found opcode in column 1. (MOVLW)
Warning[203] C:\USERS\HP PROBOOK A9\ONEDRIVE\DESKTOP\PROJECT4\MAIN.ASM 663 : Found opcode in column 1. (CALL)
Warning[203] C:\USERS\HP PROBOOK A9\ONEDRIVE\DESKTOP\PROJECT4\MAIN.ASM 667 : Found opcode in column 1. (MOVF)
Warning[203] C:\USERS\HP PROBOOK A9\ONEDRIVE\DESKTOP\PROJECT4\MAIN.ASM 668 : Found opcode in column 1. (BTFSC)
Warning[203] C:\USERS\HP PROBOOK A9\ONEDRIVE\DESKTOP\PROJECT4\MAIN.ASM 669 : Found opcode in column 1. (GOTO)
Warning[203] C:\USERS\HP PROBOOK A9\ONEDRIVE\DESKTOP\PROJECT4\MAIN.ASM 670 : Found opcode in column 1. (ADDLW)
Warning[203] C:\USERS\HP PROBOOK A9\ONEDRIVE\DESKTOP\PROJECT4\MAIN.ASM 671 : Found opcode in column 1. (BSF)
Warning[203] C:\USERS\HP PROBOOK A9\ONEDRIVE\DESKTOP\PROJECT4\MAIN.ASM 672 : Found opcode in column 1. (CALL)
Warning[203] C:\USERS\HP PROBOOK A9\ONEDRIVE\DESKTOP\PROJECT4\MAIN.ASM 677 : Found opcode in column 1. (MOVF)
Warning[203] C:\USERS\HP PROBOOK A9\ONEDRIVE\DESKTOP\PROJECT4\MAIN.ASM 678 : Found opcode in column 1. (BTFSC)
Warning[203] C:\USERS\HP PROBOOK A9\ONEDRIVE\DESKTOP\PROJECT4\MAIN.ASM 679 : Found opcode in column 1. (GOTO)
Warning[203] C:\USERS\HP PROBOOK A9\ONEDRIVE\DESKTOP\PROJECT4\MAIN.ASM 681 : Found opcode in column 1. (ADDLW)
Warning[203] C:\USERS\HP PROBOOK A9\ONEDRIVE\DESKTOP\PROJECT4\MAIN.ASM 682 : Found opcode in column 1. (BSF)
Warning[203] C:\USERS\HP PROBOOK A9\ONEDRIVE\DESKTOP\PROJECT4\MAIN.ASM 683 : Found opcode in column 1. (CALL)
Warning[203] C:\USERS\HP PROBOOK A9\ONEDRIVE\DESKTOP\PROJECT4\MAIN.ASM 686 : Found opcode in column 1. (MOVF)
Warning[203] C:\USERS\HP PROBOOK A9\ONEDRIVE\DESKTOP\PROJECT4\MAIN.ASM 687 : Found opcode in column 1. (ADDLW)
Warning[203] C:\USERS\HP PROBOOK A9\ONEDRIVE\DESKTOP\PROJECT4\MAIN.ASM 688 : Found opcode in column 1. (BSF)
Warning[203] C:\USERS\HP PROBOOK A9\ONEDRIVE\DESKTOP\PROJECT4\MAIN.ASM 689 : Found opcode in column 1. (CALL)
Warning[203] C:\USERS\HP PROBOOK A9\ONEDRIVE\DESKTOP\PROJECT4\MAIN.ASM 692 : Found opcode in column 1. (MOVLW)
Warning[203] C:\USERS\HP PROBOOK A9\ONEDRIVE\DESKTOP\PROJECT4\MAIN.ASM 693 : Found opcode in column 1. (CALL)
Warning[203] C:\USERS\HP PROBOOK A9\ONEDRIVE\DESKTOP\PROJECT4\MAIN.ASM 694 : Found opcode in column 1. (RETURN)
Message[305] C:\USERS\HP PROBOOK A9\ONEDRIVE\DESKTOP\PROJECT4\MAIN.ASM 707 : Using default destination of 1 (file).
Message[305] C:\USERS\HP PROBOOK A9\ONEDRIVE\DESKTOP\PROJECT4\MAIN.ASM 708 : Using default destination of 1 (file).
Message[305] C:\USERS\HP PROBOOK A9\ONEDRIVE\DESKTOP\PROJECT4\MAIN.ASM 711 : Using default destination of 1 (file).
Message[305] C:\USERS\HP PROBOOK A9\ONEDRIVE\DESKTOP\PROJECT4\MAIN.ASM 712 : Using default destination of 1 (file).
Warning[203] C:\USERS\HP PROBOOK A9\ONEDRIVE\DESKTOP\PROJECT4\MAIN.ASM 749 : Found opcode in column 1. (return)
Warning[203] C:\USERS\HP PROBOOK A9\ONEDRIVE\DESKTOP\PROJECT4\MAIN.ASM 760 : Found opcode in column 1. (MOVLW)
Warning[203] C:\USERS\HP PROBOOK A9\ONEDRIVE\DESKTOP\PROJECT4\MAIN.ASM 761 : Found opcode in column 1. (CALL)
Warning[203] C:\USERS\HP PROBOOK A9\ONEDRIVE\DESKTOP\PROJECT4\MAIN.ASM 763 : Found opcode in column 1. (MOVLW)
Warning[203] C:\USERS\HP PROBOOK A9\ONEDRIVE\DESKTOP\PROJECT4\MAIN.ASM 764 : Found opcode in column 1. (CALL)
Warning[203] C:\USERS\HP PROBOOK A9\ONEDRIVE\DESKTOP\PROJECT4\MAIN.ASM 765 : Found opcode in column 1. (MOVLW)
Warning[203] C:\USERS\HP PROBOOK A9\ONEDRIVE\DESKTOP\PROJECT4\MAIN.ASM 766 : Found opcode in column 1. (CALL)
Warning[203] C:\USERS\HP PROBOOK A9\ONEDRIVE\DESKTOP\PROJECT4\MAIN.ASM 769 : Found opcode in column 1. (BSF)
Warning[203] C:\USERS\HP PROBOOK A9\ONEDRIVE\DESKTOP\PROJECT4\MAIN.ASM 770 : Found opcode in column 1. (MOVLW)
Warning[203] C:\USERS\HP PROBOOK A9\ONEDRIVE\DESKTOP\PROJECT4\MAIN.ASM 771 : Found opcode in column 1. (CALL)
Warning[203] C:\USERS\HP PROBOOK A9\ONEDRIVE\DESKTOP\PROJECT4\MAIN.ASM 772 : Found opcode in column 1. (MOVLW)
Warning[203] C:\USERS\HP PROBOOK A9\ONEDRIVE\DESKTOP\PROJECT4\MAIN.ASM 773 : Found opcode in column 1. (CALL)
Warning[203] C:\USERS\HP PROBOOK A9\ONEDRIVE\DESKTOP\PROJECT4\MAIN.ASM 774 : Found opcode in column 1. (MOVLW)
Warning[203] C:\USERS\HP PROBOOK A9\ONEDRIVE\DESKTOP\PROJECT4\MAIN.ASM 775 : Found opcode in column 1. (CALL)
Warning[203] C:\USERS\HP PROBOOK A9\ONEDRIVE\DESKTOP\PROJECT4\MAIN.ASM 776 : Found opcode in column 1. (MOVLW)
Warning[203] C:\USERS\HP PROBOOK A9\ONEDRIVE\DESKTOP\PROJECT4\MAIN.ASM 777 : Found opcode in column 1. (CALL)
Warning[203] C:\USERS\HP PROBOOK A9\ONEDRIVE\DESKTOP\PROJECT4\MAIN.ASM 778 : Found opcode in column 1. (MOVLW)
Warning[203] C:\USERS\HP PROBOOK A9\ONEDRIVE\DESKTOP\PROJECT4\MAIN.ASM 779 : Found opcode in column 1. (CALL)
Warning[203] C:\USERS\HP PROBOOK A9\ONEDRIVE\DESKTOP\PROJECT4\MAIN.ASM 780 : Found opcode in column 1. (MOVLW)
Warning[203] C:\USERS\HP PROBOOK A9\ONEDRIVE\DESKTOP\PROJECT4\MAIN.ASM 781 : Found opcode in column 1. (CALL)
Warning[203] C:\USERS\HP PROBOOK A9\ONEDRIVE\DESKTOP\PROJECT4\MAIN.ASM 782 : Found opcode in column 1. (MOVLW)
Warning[203] C:\USERS\HP PROBOOK A9\ONEDRIVE\DESKTOP\PROJECT4\MAIN.ASM 783 : Found opcode in column 1. (CALL)
Warning[203] C:\USERS\HP PROBOOK A9\ONEDRIVE\DESKTOP\PROJECT4\MAIN.ASM 784 : Found opcode in column 1. (MOVLW)
Warning[203] C:\USERS\HP PROBOOK A9\ONEDRIVE\DESKTOP\PROJECT4\MAIN.ASM 785 : Found opcode in column 1. (CALL)
Warning[203] C:\USERS\HP PROBOOK A9\ONEDRIVE\DESKTOP\PROJECT4\MAIN.ASM 786 : Found opcode in column 1. (MOVLW)
Warning[203] C:\USERS\HP PROBOOK A9\ONEDRIVE\DESKTOP\PROJECT4\MAIN.ASM 787 : Found opcode in column 1. (CALL)
Warning[203] C:\USERS\HP PROBOOK A9\ONEDRIVE\DESKTOP\PROJECT4\MAIN.ASM 789 : Found opcode in column 1. (BCF)
Warning[203] C:\USERS\HP PROBOOK A9\ONEDRIVE\DESKTOP\PROJECT4\MAIN.ASM 790 : Found opcode in column 1. (MOVLW)
Warning[203] C:\USERS\HP PROBOOK A9\ONEDRIVE\DESKTOP\PROJECT4\MAIN.ASM 791 : Found opcode in column 1. (CALL)
Warning[203] C:\USERS\HP PROBOOK A9\ONEDRIVE\DESKTOP\PROJECT4\MAIN.ASM 793 : Found opcode in column 1. (BSF)
Warning[203] C:\USERS\HP PROBOOK A9\ONEDRIVE\DESKTOP\PROJECT4\MAIN.ASM 795 : Found opcode in column 1. (MOVLW)
Warning[203] C:\USERS\HP PROBOOK A9\ONEDRIVE\DESKTOP\PROJECT4\MAIN.ASM 796 : Found opcode in column 1. (CALL)
Warning[203] C:\USERS\HP PROBOOK A9\ONEDRIVE\DESKTOP\PROJECT4\MAIN.ASM 797 : Found opcode in column 1. (MOVLW)
Warning[203] C:\USERS\HP PROBOOK A9\ONEDRIVE\DESKTOP\PROJECT4\MAIN.ASM 798 : Found opcode in column 1. (CALL)
Warning[203] C:\USERS\HP PROBOOK A9\ONEDRIVE\DESKTOP\PROJECT4\MAIN.ASM 799 : Found opcode in column 1. (MOVLW)
Warning[203] C:\USERS\HP PROBOOK A9\ONEDRIVE\DESKTOP\PROJECT4\MAIN.ASM 800 : Found opcode in column 1. (CALL)
Warning[203] C:\USERS\HP PROBOOK A9\ONEDRIVE\DESKTOP\PROJECT4\MAIN.ASM 801 : Found opcode in column 1. (MOVLW)
Warning[203] C:\USERS\HP PROBOOK A9\ONEDRIVE\DESKTOP\PROJECT4\MAIN.ASM 802 : Found opcode in column 1. (CALL)
Warning[203] C:\USERS\HP PROBOOK A9\ONEDRIVE\DESKTOP\PROJECT4\MAIN.ASM 803 : Found opcode in column 1. (MOVLW)
Warning[203] C:\USERS\HP PROBOOK A9\ONEDRIVE\DESKTOP\PROJECT4\MAIN.ASM 804 : Found opcode in column 1. (CALL)
Warning[203] C:\USERS\HP PROBOOK A9\ONEDRIVE\DESKTOP\PROJECT4\MAIN.ASM 805 : Found opcode in column 1. (MOVLW)
Warning[203] C:\USERS\HP PROBOOK A9\ONEDRIVE\DESKTOP\PROJECT4\MAIN.ASM 806 : Found opcode in column 1. (CALL)
Warning[203] C:\USERS\HP PROBOOK A9\ONEDRIVE\DESKTOP\PROJECT4\MAIN.ASM 807 : Found opcode in column 1. (MOVLW)
Warning[203] C:\USERS\HP PROBOOK A9\ONEDRIVE\DESKTOP\PROJECT4\MAIN.ASM 808 : Found opcode in column 1. (CALL)
Warning[203] C:\USERS\HP PROBOOK A9\ONEDRIVE\DESKTOP\PROJECT4\MAIN.ASM 809 : Found opcode in column 1. (MOVLW)
Warning[203] C:\USERS\HP PROBOOK A9\ONEDRIVE\DESKTOP\PROJECT4\MAIN.ASM 810 : Found opcode in column 1. (CALL)
Warning[203] C:\USERS\HP PROBOOK A9\ONEDRIVE\DESKTOP\PROJECT4\MAIN.ASM 811 : Found opcode in column 1. (MOVLW)
Warning[203] C:\USERS\HP PROBOOK A9\ONEDRIVE\DESKTOP\PROJECT4\MAIN.ASM 812 : Found opcode in column 1. (CALL)
Warning[203] C:\USERS\HP PROBOOK A9\ONEDRIVE\DESKTOP\PROJECT4\MAIN.ASM 813 : Found opcode in column 1. (MOVLW)
Warning[203] C:\USERS\HP PROBOOK A9\ONEDRIVE\DESKTOP\PROJECT4\MAIN.ASM 814 : Found opcode in column 1. (CALL)
Warning[203] C:\USERS\HP PROBOOK A9\ONEDRIVE\DESKTOP\PROJECT4\MAIN.ASM 815 : Found opcode in column 1. (MOVLW)
Warning[203] C:\USERS\HP PROBOOK A9\ONEDRIVE\DESKTOP\PROJECT4\MAIN.ASM 816 : Found opcode in column 1. (CALL)
Warning[203] C:\USERS\HP PROBOOK A9\ONEDRIVE\DESKTOP\PROJECT4\MAIN.ASM 817 : Found opcode in column 1. (MOVLW)
Warning[203] C:\USERS\HP PROBOOK A9\ONEDRIVE\DESKTOP\PROJECT4\MAIN.ASM 818 : Found opcode in column 1. (CALL)
Warning[203] C:\USERS\HP PROBOOK A9\ONEDRIVE\DESKTOP\PROJECT4\MAIN.ASM 819 : Found opcode in column 1. (MOVLW)
Warning[203] C:\USERS\HP PROBOOK A9\ONEDRIVE\DESKTOP\PROJECT4\MAIN.ASM 820 : Found opcode in column 1. (CALL)
Warning[203] C:\USERS\HP PROBOOK A9\ONEDRIVE\DESKTOP\PROJECT4\MAIN.ASM 823 : Found opcode in column 1. (return)
Warning[203] C:\USERS\HP PROBOOK A9\ONEDRIVE\DESKTOP\PROJECT4\MAIN.ASM 833 : Found opcode in column 1. (MOVF)
Warning[203] C:\USERS\HP PROBOOK A9\ONEDRIVE\DESKTOP\PROJECT4\MAIN.ASM 834 : Found opcode in column 1. (MOVWF)
Warning[203] C:\USERS\HP PROBOOK A9\ONEDRIVE\DESKTOP\PROJECT4\MAIN.ASM 835 : Found opcode in column 1. (CLRF)
Warning[203] C:\USERS\HP PROBOOK A9\ONEDRIVE\DESKTOP\PROJECT4\MAIN.ASM 836 : Found opcode in column 1. (CLRF)
Warning[203] C:\USERS\HP PROBOOK A9\ONEDRIVE\DESKTOP\PROJECT4\MAIN.ASM 837 : Found opcode in column 1. (CLRF)
Warning[203] C:\USERS\HP PROBOOK A9\ONEDRIVE\DESKTOP\PROJECT4\MAIN.ASM 839 : Found opcode in column 1. (MOVF)
Warning[203] C:\USERS\HP PROBOOK A9\ONEDRIVE\DESKTOP\PROJECT4\MAIN.ASM 840 : Found opcode in column 1. (MOVF)
Warning[203] C:\USERS\HP PROBOOK A9\ONEDRIVE\DESKTOP\PROJECT4\MAIN.ASM 841 : Found opcode in column 1. (MOVF)
Warning[203] C:\USERS\HP PROBOOK A9\ONEDRIVE\DESKTOP\PROJECT4\MAIN.ASM 842 : Found opcode in column 1. (MOVF)
Warning[203] C:\USERS\HP PROBOOK A9\ONEDRIVE\DESKTOP\PROJECT4\MAIN.ASM 845 : Found opcode in column 1. (MOVF)
Warning[203] C:\USERS\HP PROBOOK A9\ONEDRIVE\DESKTOP\PROJECT4\MAIN.ASM 846 : Found opcode in column 1. (CALL)
Warning[203] C:\USERS\HP PROBOOK A9\ONEDRIVE\DESKTOP\PROJECT4\MAIN.ASM 847 : Found opcode in column 1. (MOVF)
Warning[203] C:\USERS\HP PROBOOK A9\ONEDRIVE\DESKTOP\PROJECT4\MAIN.ASM 848 : Found opcode in column 1. (CALL)
Warning[203] C:\USERS\HP PROBOOK A9\ONEDRIVE\DESKTOP\PROJECT4\MAIN.ASM 849 : Found opcode in column 1. (MOVF)
Warning[203] C:\USERS\HP PROBOOK A9\ONEDRIVE\DESKTOP\PROJECT4\MAIN.ASM 850 : Found opcode in column 1. (CALL)
Warning[203] C:\USERS\HP PROBOOK A9\ONEDRIVE\DESKTOP\PROJECT4\MAIN.ASM 851 : Found opcode in column 1. (MOVF)
Warning[203] C:\USERS\HP PROBOOK A9\ONEDRIVE\DESKTOP\PROJECT4\MAIN.ASM 852 : Found opcode in column 1. (CALL)
Warning[203] C:\USERS\HP PROBOOK A9\ONEDRIVE\DESKTOP\PROJECT4\MAIN.ASM 853 : Found opcode in column 1. (MOVF)
Warning[203] C:\USERS\HP PROBOOK A9\ONEDRIVE\DESKTOP\PROJECT4\MAIN.ASM 854 : Found opcode in column 1. (CALL)
Warning[203] C:\USERS\HP PROBOOK A9\ONEDRIVE\DESKTOP\PROJECT4\MAIN.ASM 855 : Found opcode in column 1. (MOVF)
Warning[203] C:\USERS\HP PROBOOK A9\ONEDRIVE\DESKTOP\PROJECT4\MAIN.ASM 856 : Found opcode in column 1. (CALL)
Warning[203] C:\USERS\HP PROBOOK A9\ONEDRIVE\DESKTOP\PROJECT4\MAIN.ASM 857 : Found opcode in column 1. (MOVF)
Warning[203] C:\USERS\HP PROBOOK A9\ONEDRIVE\DESKTOP\PROJECT4\MAIN.ASM 858 : Found opcode in column 1. (CALL)
Warning[203] C:\USERS\HP PROBOOK A9\ONEDRIVE\DESKTOP\PROJECT4\MAIN.ASM 859 : Found opcode in column 1. (MOVF)
Warning[203] C:\USERS\HP PROBOOK A9\ONEDRIVE\DESKTOP\PROJECT4\MAIN.ASM 860 : Found opcode in column 1. (CALL)
Warning[203] C:\USERS\HP PROBOOK A9\ONEDRIVE\DESKTOP\PROJECT4\MAIN.ASM 861 : Found opcode in column 1. (MOVF)
Warning[203] C:\USERS\HP PROBOOK A9\ONEDRIVE\DESKTOP\PROJECT4\MAIN.ASM 862 : Found opcode in column 1. (CALL)
Warning[203] C:\USERS\HP PROBOOK A9\ONEDRIVE\DESKTOP\PROJECT4\MAIN.ASM 863 : Found opcode in column 1. (MOVF)
Warning[203] C:\USERS\HP PROBOOK A9\ONEDRIVE\DESKTOP\PROJECT4\MAIN.ASM 864 : Found opcode in column 1. (CALL)
Warning[203] C:\USERS\HP PROBOOK A9\ONEDRIVE\DESKTOP\PROJECT4\MAIN.ASM 865 : Found opcode in column 1. (MOVF)
Warning[203] C:\USERS\HP PROBOOK A9\ONEDRIVE\DESKTOP\PROJECT4\MAIN.ASM 866 : Found opcode in column 1. (CALL)
Warning[203] C:\USERS\HP PROBOOK A9\ONEDRIVE\DESKTOP\PROJECT4\MAIN.ASM 867 : Found opcode in column 1. (MOVF)
Warning[203] C:\USERS\HP PROBOOK A9\ONEDRIVE\DESKTOP\PROJECT4\MAIN.ASM 868 : Found opcode in column 1. (CALL)
Warning[203] C:\USERS\HP PROBOOK A9\ONEDRIVE\DESKTOP\PROJECT4\MAIN.ASM 869 : Found opcode in column 1. (MOVF)
Warning[203] C:\USERS\HP PROBOOK A9\ONEDRIVE\DESKTOP\PROJECT4\MAIN.ASM 870 : Found opcode in column 1. (CALL)
Warning[203] C:\USERS\HP PROBOOK A9\ONEDRIVE\DESKTOP\PROJECT4\MAIN.ASM 871 : Found opcode in column 1. (MOVF)
Warning[203] C:\USERS\HP PROBOOK A9\ONEDRIVE\DESKTOP\PROJECT4\MAIN.ASM 872 : Found opcode in column 1. (CALL)
Warning[203] C:\USERS\HP PROBOOK A9\ONEDRIVE\DESKTOP\PROJECT4\MAIN.ASM 873 : Found opcode in column 1. (MOVF)
Warning[203] C:\USERS\HP PROBOOK A9\ONEDRIVE\DESKTOP\PROJECT4\MAIN.ASM 874 : Found opcode in column 1. (CALL)
Warning[203] C:\USERS\HP PROBOOK A9\ONEDRIVE\DESKTOP\PROJECT4\MAIN.ASM 875 : Found opcode in column 1. (MOVF)
Warning[203] C:\USERS\HP PROBOOK A9\ONEDRIVE\DESKTOP\PROJECT4\MAIN.ASM 876 : Found opcode in column 1. (CALL)
Warning[203] C:\USERS\HP PROBOOK A9\ONEDRIVE\DESKTOP\PROJECT4\MAIN.ASM 877 : Found opcode in column 1. (MOVF)
Warning[203] C:\USERS\HP PROBOOK A9\ONEDRIVE\DESKTOP\PROJECT4\MAIN.ASM 878 : Found opcode in column 1. (CALL)
Warning[203] C:\USERS\HP PROBOOK A9\ONEDRIVE\DESKTOP\PROJECT4\MAIN.ASM 879 : Found opcode in column 1. (MOVF)
Warning[203] C:\USERS\HP PROBOOK A9\ONEDRIVE\DESKTOP\PROJECT4\MAIN.ASM 880 : Found opcode in column 1. (CALL)
Warning[203] C:\USERS\HP PROBOOK A9\ONEDRIVE\DESKTOP\PROJECT4\MAIN.ASM 881 : Found opcode in column 1. (MOVF)
Warning[203] C:\USERS\HP PROBOOK A9\ONEDRIVE\DESKTOP\PROJECT4\MAIN.ASM 882 : Found opcode in column 1. (CALL)
Warning[203] C:\USERS\HP PROBOOK A9\ONEDRIVE\DESKTOP\PROJECT4\MAIN.ASM 883 : Found opcode in column 1. (MOVF)
Message[302] C:\USERS\HP PROBOOK A9\ONEDRIVE\DESKTOP\PROJECT4\MAIN.ASM 883 : Register in operand not in bank 0.  Ensure that bank bits are correct.
Warning[203] C:\USERS\HP PROBOOK A9\ONEDRIVE\DESKTOP\PROJECT4\MAIN.ASM 884 : Found opcode in column 1. (CALL)
Warning[203] C:\USERS\HP PROBOOK A9\ONEDRIVE\DESKTOP\PROJECT4\MAIN.ASM 885 : Found opcode in column 1. (MOVF)
Warning[203] C:\USERS\HP PROBOOK A9\ONEDRIVE\DESKTOP\PROJECT4\MAIN.ASM 886 : Found opcode in column 1. (CALL)
Warning[203] C:\USERS\HP PROBOOK A9\ONEDRIVE\DESKTOP\PROJECT4\MAIN.ASM 887 : Found opcode in column 1. (MOVF)
Message[302] C:\USERS\HP PROBOOK A9\ONEDRIVE\DESKTOP\PROJECT4\MAIN.ASM 887 : Register in operand not in bank 0.  Ensure that bank bits are correct.
Warning[203] C:\USERS\HP PROBOOK A9\ONEDRIVE\DESKTOP\PROJECT4\MAIN.ASM 888 : Found opcode in column 1. (CALL)
Warning[203] C:\USERS\HP PROBOOK A9\ONEDRIVE\DESKTOP\PROJECT4\MAIN.ASM 889 : Found opcode in column 1. (MOVF)
Warning[203] C:\USERS\HP PROBOOK A9\ONEDRIVE\DESKTOP\PROJECT4\MAIN.ASM 890 : Found opcode in column 1. (CALL)
Warning[203] C:\USERS\HP PROBOOK A9\ONEDRIVE\DESKTOP\PROJECT4\MAIN.ASM 894 : Found opcode in column 1. (CALL)
Warning[207] C:\USERS\HP PROBOOK A9\ONEDRIVE\DESKTOP\PROJECT4\MAIN.ASM 996 : Found label after column 1. (L2)
Warning[207] C:\USERS\HP PROBOOK A9\ONEDRIVE\DESKTOP\PROJECT4\MAIN.ASM 1005 : Found label after column 1. (L3)
Warning[207] C:\USERS\HP PROBOOK A9\ONEDRIVE\DESKTOP\PROJECT4\MAIN.ASM 1014 : Found label after column 1. (L4)
Warning[207] C:\USERS\HP PROBOOK A9\ONEDRIVE\DESKTOP\PROJECT4\MAIN.ASM 1022 : Found label after column 1. (L5)
Warning[207] C:\USERS\HP PROBOOK A9\ONEDRIVE\DESKTOP\PROJECT4\MAIN.ASM 1031 : Found label after column 1. (L6)
Warning[207] C:\USERS\HP PROBOOK A9\ONEDRIVE\DESKTOP\PROJECT4\MAIN.ASM 1040 : Found label after column 1. (L7)
Warning[207] C:\USERS\HP PROBOOK A9\ONEDRIVE\DESKTOP\PROJECT4\MAIN.ASM 1049 : Found label after column 1. (L8)
Warning[207] C:\USERS\HP PROBOOK A9\ONEDRIVE\DESKTOP\PROJECT4\MAIN.ASM 1058 : Found label after column 1. (L9)
Warning[207] C:\USERS\HP PROBOOK A9\ONEDRIVE\DESKTOP\PROJECT4\MAIN.ASM 1067 : Found label after column 1. (L10)
Warning[207] C:\USERS\HP PROBOOK A9\ONEDRIVE\DESKTOP\PROJECT4\MAIN.ASM 1076 : Found label after column 1. (L11)
Warning[207] C:\USERS\HP PROBOOK A9\ONEDRIVE\DESKTOP\PROJECT4\MAIN.ASM 1085 : Found label after column 1. (L12)
Warning[207] C:\USERS\HP PROBOOK A9\ONEDRIVE\DESKTOP\PROJECT4\MAIN.ASM 1094 : Found label after column 1. (L13)
Warning[207] C:\USERS\HP PROBOOK A9\ONEDRIVE\DESKTOP\PROJECT4\MAIN.ASM 1103 : Found label after column 1. (L14)
Warning[207] C:\USERS\HP PROBOOK A9\ONEDRIVE\DESKTOP\PROJECT4\MAIN.ASM 1112 : Found label after column 1. (L15)
Warning[207] C:\USERS\HP PROBOOK A9\ONEDRIVE\DESKTOP\PROJECT4\MAIN.ASM 1121 : Found label after column 1. (L16)
Warning[207] C:\USERS\HP PROBOOK A9\ONEDRIVE\DESKTOP\PROJECT4\MAIN.ASM 1130 : Found label after column 1. (L17)
Warning[207] C:\USERS\HP PROBOOK A9\ONEDRIVE\DESKTOP\PROJECT4\MAIN.ASM 1139 : Found label after column 1. (L18)
Warning[207] C:\USERS\HP PROBOOK A9\ONEDRIVE\DESKTOP\PROJECT4\MAIN.ASM 1148 : Found label after column 1. (L19)
Warning[207] C:\USERS\HP PROBOOK A9\ONEDRIVE\DESKTOP\PROJECT4\MAIN.ASM 1157 : Found label after column 1. (L20)
Warning[207] C:\USERS\HP PROBOOK A9\ONEDRIVE\DESKTOP\PROJECT4\MAIN.ASM 1166 : Found label after column 1. (L21)
Warning[207] C:\USERS\HP PROBOOK A9\ONEDRIVE\DESKTOP\PROJECT4\MAIN.ASM 1175 : Found label after column 1. (L22)
Warning[207] C:\USERS\HP PROBOOK A9\ONEDRIVE\DESKTOP\PROJECT4\MAIN.ASM 1184 : Found label after column 1. (L23)
Message[302] C:\USERS\HP PROBOOK A9\ONEDRIVE\DESKTOP\PROJECT4\MAIN.ASM 1358 : Register in operand not in bank 0.  Ensure that bank bits are correct.
Message[302] C:\USERS\HP PROBOOK A9\ONEDRIVE\DESKTOP\PROJECT4\MAIN.ASM 1374 : Register in operand not in bank 0.  Ensure that bank bits are correct.
Warning[203] C:\USERS\HP PROBOOK A9\ONEDRIVE\DESKTOP\PROJECT4\MAIN.ASM 1395 : Found opcode in column 1. (CALL)
Warning[203] C:\USERS\HP PROBOOK A9\ONEDRIVE\DESKTOP\PROJECT4\MAIN.ASM 1396 : Found opcode in column 1. (CALL)
Warning[205] C:\USERS\HP PROBOOK A9\ONEDRIVE\DESKTOP\PROJECT4\MAIN.ASM 1400 : Found directive in column 1. (END)
